  FTypeMain.c
C:\Users\guric\source\repos\F-Type Battle\F-Type Battle\FTypeMain.c(87,25): warning C4305: 'initializing': truncation from 'double' to 'float'
C:\Users\guric\source\repos\F-Type Battle\F-Type Battle\FTypeMain.c(91,29): warning C4305: 'initializing': truncation from 'double' to 'float'
C:\Users\guric\source\repos\F-Type Battle\F-Type Battle\FTypeMain.c(217,21): warning C4013: 'time' undefined; assuming extern returning int
C:\Users\guric\source\repos\F-Type Battle\F-Type Battle\FTypeMain.c(279,50): warning C4244: 'function': conversion from 'float' to 'int', possible loss of data
C:\Users\guric\source\repos\F-Type Battle\F-Type Battle\FTypeMain.c(279,117): warning C4244: 'function': conversion from 'float' to 'int', possible loss of data
C:\Users\guric\source\repos\F-Type Battle\F-Type Battle\FTypeMain.c(291,56): warning C4244: 'function': conversion from 'float' to 'int', possible loss of data
C:\Users\guric\source\repos\F-Type Battle\F-Type Battle\FTypeMain.c(291,124): warning C4244: 'function': conversion from 'float' to 'int', possible loss of data
C:\Users\guric\source\repos\F-Type Battle\F-Type Battle\FTypeMain.c(308,30): warning C4244: 'function': conversion from 'float' to 'int', possible loss of data
C:\Users\guric\source\repos\F-Type Battle\F-Type Battle\FTypeMain.c(308,96): warning C4244: 'function': conversion from 'float' to 'int', possible loss of data
C:\Users\guric\source\repos\F-Type Battle\F-Type Battle\FTypeMain.c(323,11): warning C4244: '=': conversion from 'Uint64' to 'Uint32', possible loss of data
C:\Users\guric\source\repos\F-Type Battle\F-Type Battle\FTypeMain.c(414,19): warning C4244: '=': conversion from 'double' to 'int', possible loss of data
C:\Users\guric\source\repos\F-Type Battle\F-Type Battle\FTypeMain.c(415,19): warning C4244: '=': conversion from 'double' to 'int', possible loss of data
C:\Users\guric\source\repos\F-Type Battle\F-Type Battle\FTypeMain.c(416,19): warning C4244: '=': conversion from 'double' to 'int', possible loss of data
C:\Users\guric\source\repos\F-Type Battle\F-Type Battle\FTypeMain.c(527,19): warning C4244: '=': conversion from 'double' to 'int', possible loss of data
C:\Users\guric\source\repos\F-Type Battle\F-Type Battle\FTypeMain.c(528,19): warning C4244: '=': conversion from 'double' to 'int', possible loss of data
C:\Users\guric\source\repos\F-Type Battle\F-Type Battle\FTypeMain.c(529,19): warning C4244: '=': conversion from 'double' to 'int', possible loss of data
C:\Users\guric\source\repos\F-Type Battle\F-Type Battle\FTypeMain.c(644,25): warning C4018: '>=': signed/unsigned mismatch
C:\Users\guric\source\repos\F-Type Battle\F-Type Battle\FTypeMain.c(660,21): warning C4244: '=': conversion from 'Uint64' to 'Uint32', possible loss of data
C:\Users\guric\source\repos\F-Type Battle\F-Type Battle\FTypeMain.c(697,30): warning C4244: '=': conversion from 'Uint64' to 'Uint32', possible loss of data
C:\Users\guric\source\repos\F-Type Battle\F-Type Battle\FTypeMain.c(701,43): warning C4244: '=': conversion from 'Uint64' to 'Uint32', possible loss of data
C:\Users\guric\source\repos\F-Type Battle\F-Type Battle\FTypeMain.c(708,36): warning C4244: '=': conversion from 'Uint64' to 'Uint32', possible loss of data
C:\Users\guric\source\repos\F-Type Battle\F-Type Battle\FTypeMain.c(712,48): warning C4244: '=': conversion from 'Uint64' to 'Uint32', possible loss of data
C:\Users\guric\source\repos\F-Type Battle\F-Type Battle\FTypeMain.c(721,26): warning C4244: '=': conversion from 'Uint64' to 'Uint32', possible loss of data
C:\Users\guric\source\repos\F-Type Battle\F-Type Battle\FTypeMain.c(726,36): warning C4244: '=': conversion from 'Uint64' to 'Uint32', possible loss of data
C:\Users\guric\source\repos\F-Type Battle\F-Type Battle\FTypeMain.c(772,31): warning C4244: '=': conversion from 'Uint64' to 'Uint32', possible loss of data
C:\Users\guric\source\repos\F-Type Battle\F-Type Battle\FTypeMain.c(777,43): warning C4244: '=': conversion from 'Uint64' to 'Uint32', possible loss of data
C:\Users\guric\source\repos\F-Type Battle\F-Type Battle\FTypeMain.c(788,31): warning C4244: '=': conversion from 'Uint64' to 'Uint32', possible loss of data
C:\Users\guric\source\repos\F-Type Battle\F-Type Battle\FTypeMain.c(793,43): warning C4244: '=': conversion from 'Uint64' to 'Uint32', possible loss of data
C:\Users\guric\source\repos\F-Type Battle\F-Type Battle\FTypeMain.c(882,43): warning C4244: 'initializing': conversion from 'int' to 'float', possible loss of data
C:\Users\guric\source\repos\F-Type Battle\F-Type Battle\FTypeMain.c(882,55): warning C4244: 'initializing': conversion from 'int' to 'float', possible loss of data
  F-Type Battle.vcxproj -> C:\Users\guric\source\repos\F-Type Battle\x64\Debug\F-Type Battle.exe
