  FTypeMain.c
C:\Users\guric\source\repos\F-Type Battle\F-Type Battle\FTypeMain.c(227,157): warning C4047: 'initializing': 'int' differs in levels of indirection from 'void *'
C:\Users\guric\source\repos\F-Type Battle\F-Type Battle\FTypeMain.c(227,173): warning C4047: 'initializing': 'int' differs in levels of indirection from 'void *'
C:\Users\guric\source\repos\F-Type Battle\F-Type Battle\FTypeMain.c(228,160): warning C4047: 'initializing': 'int' differs in levels of indirection from 'void *'
C:\Users\guric\source\repos\F-Type Battle\F-Type Battle\FTypeMain.c(228,176): warning C4047: 'initializing': 'int' differs in levels of indirection from 'void *'
C:\Users\guric\source\repos\F-Type Battle\F-Type Battle\FTypeMain.c(229,156): warning C4047: 'initializing': 'int' differs in levels of indirection from 'void *'
C:\Users\guric\source\repos\F-Type Battle\F-Type Battle\FTypeMain.c(229,172): warning C4047: 'initializing': 'int' differs in levels of indirection from 'void *'
C:\Users\guric\source\repos\F-Type Battle\F-Type Battle\FTypeMain.c(230,156): warning C4047: 'initializing': 'int' differs in levels of indirection from 'void *'
C:\Users\guric\source\repos\F-Type Battle\F-Type Battle\FTypeMain.c(230,172): warning C4047: 'initializing': 'int' differs in levels of indirection from 'void *'
C:\Users\guric\source\repos\F-Type Battle\F-Type Battle\FTypeMain.c(231,156): warning C4047: 'initializing': 'int' differs in levels of indirection from 'void *'
C:\Users\guric\source\repos\F-Type Battle\F-Type Battle\FTypeMain.c(231,173): warning C4047: 'initializing': 'int' differs in levels of indirection from 'void *'
C:\Users\guric\source\repos\F-Type Battle\F-Type Battle\FTypeMain.c(232,156): warning C4047: 'initializing': 'int' differs in levels of indirection from 'void *'
C:\Users\guric\source\repos\F-Type Battle\F-Type Battle\FTypeMain.c(232,172): warning C4047: 'initializing': 'int' differs in levels of indirection from 'void *'
C:\Users\guric\source\repos\F-Type Battle\F-Type Battle\FTypeMain.c(535,29): warning C4047: 'initializing': 'Uint32' differs in levels of indirection from 'void *'
C:\Users\guric\source\repos\F-Type Battle\F-Type Battle\FTypeMain.c(535,41): warning C4047: 'initializing': 'Uint32' differs in levels of indirection from 'void *'
C:\Users\guric\source\repos\F-Type Battle\F-Type Battle\FTypeMain.c(552,36): warning C4244: 'initializing': conversion from 'double' to 'int', possible loss of data
C:\Users\guric\source\repos\F-Type Battle\F-Type Battle\FTypeMain.c(553,37): warning C4244: 'initializing': conversion from 'double' to 'int', possible loss of data
C:\Users\guric\source\repos\F-Type Battle\F-Type Battle\FTypeMain.c(591,6): warning C4047: 'initializing': 'char' differs in levels of indirection from 'void *'
C:\Users\guric\source\repos\F-Type Battle\F-Type Battle\FTypeMain.c(724,160): warning C4047: 'initializing': 'int' differs in levels of indirection from 'void *'
C:\Users\guric\source\repos\F-Type Battle\F-Type Battle\FTypeMain.c(724,177): warning C4047: 'initializing': 'int' differs in levels of indirection from 'void *'
C:\Users\guric\source\repos\F-Type Battle\F-Type Battle\FTypeMain.c(725,160): warning C4047: 'initializing': 'int' differs in levels of indirection from 'void *'
C:\Users\guric\source\repos\F-Type Battle\F-Type Battle\FTypeMain.c(725,176): warning C4047: 'initializing': 'int' differs in levels of indirection from 'void *'
C:\Users\guric\source\repos\F-Type Battle\F-Type Battle\FTypeMain.c(726,157): warning C4047: 'initializing': 'int' differs in levels of indirection from 'void *'
C:\Users\guric\source\repos\F-Type Battle\F-Type Battle\FTypeMain.c(726,173): warning C4047: 'initializing': 'int' differs in levels of indirection from 'void *'
C:\Users\guric\source\repos\F-Type Battle\F-Type Battle\FTypeMain.c(727,157): warning C4047: 'initializing': 'int' differs in levels of indirection from 'void *'
C:\Users\guric\source\repos\F-Type Battle\F-Type Battle\FTypeMain.c(727,173): warning C4047: 'initializing': 'int' differs in levels of indirection from 'void *'
C:\Users\guric\source\repos\F-Type Battle\F-Type Battle\FTypeMain.c(728,157): warning C4047: 'initializing': 'int' differs in levels of indirection from 'void *'
C:\Users\guric\source\repos\F-Type Battle\F-Type Battle\FTypeMain.c(728,174): warning C4047: 'initializing': 'int' differs in levels of indirection from 'void *'
C:\Users\guric\source\repos\F-Type Battle\F-Type Battle\FTypeMain.c(729,157): warning C4047: 'initializing': 'int' differs in levels of indirection from 'void *'
C:\Users\guric\source\repos\F-Type Battle\F-Type Battle\FTypeMain.c(729,173): warning C4047: 'initializing': 'int' differs in levels of indirection from 'void *'
C:\Users\guric\source\repos\F-Type Battle\F-Type Battle\FTypeMain.c(859,21): warning C4013: 'time' undefined; assuming extern returning int
C:\Users\guric\source\repos\F-Type Battle\F-Type Battle\FTypeMain.c(1080,11): warning C4244: '=': conversion from 'Uint64' to 'Uint32', possible loss of data
C:\Users\guric\source\repos\F-Type Battle\F-Type Battle\FTypeMain.c(1081,19): warning C4244: '=': conversion from 'Uint64' to 'Uint32', possible loss of data
C:\Users\guric\source\repos\F-Type Battle\F-Type Battle\FTypeMain.c(1084,93): warning C4244: 'function': conversion from 'float' to 'int', possible loss of data
C:\Users\guric\source\repos\F-Type Battle\F-Type Battle\FTypeMain.c(1084,114): warning C4244: 'function': conversion from 'float' to 'int', possible loss of data
C:\Users\guric\source\repos\F-Type Battle\F-Type Battle\FTypeMain.c(1085,93): warning C4244: 'function': conversion from 'float' to 'int', possible loss of data
C:\Users\guric\source\repos\F-Type Battle\F-Type Battle\FTypeMain.c(1085,114): warning C4244: 'function': conversion from 'float' to 'int', possible loss of data
C:\Users\guric\source\repos\F-Type Battle\F-Type Battle\FTypeMain.c(1534,121): warning C4244: 'function': conversion from 'float' to 'int', possible loss of data
C:\Users\guric\source\repos\F-Type Battle\F-Type Battle\FTypeMain.c(1534,142): warning C4244: 'function': conversion from 'float' to 'int', possible loss of data
C:\Users\guric\source\repos\F-Type Battle\F-Type Battle\FTypeMain.c(1601,33): warning C4244: '=': conversion from 'Uint64' to 'Uint32', possible loss of data
C:\Users\guric\source\repos\F-Type Battle\F-Type Battle\FTypeMain.c(1648,19): warning C4244: '=': conversion from 'double' to 'int', possible loss of data
C:\Users\guric\source\repos\F-Type Battle\F-Type Battle\FTypeMain.c(1649,19): warning C4244: '=': conversion from 'double' to 'int', possible loss of data
C:\Users\guric\source\repos\F-Type Battle\F-Type Battle\FTypeMain.c(1650,19): warning C4244: '=': conversion from 'double' to 'int', possible loss of data
C:\Users\guric\source\repos\F-Type Battle\F-Type Battle\FTypeMain.c(1761,19): warning C4244: '=': conversion from 'double' to 'int', possible loss of data
C:\Users\guric\source\repos\F-Type Battle\F-Type Battle\FTypeMain.c(1762,19): warning C4244: '=': conversion from 'double' to 'int', possible loss of data
C:\Users\guric\source\repos\F-Type Battle\F-Type Battle\FTypeMain.c(1763,19): warning C4244: '=': conversion from 'double' to 'int', possible loss of data
C:\Users\guric\source\repos\F-Type Battle\F-Type Battle\FTypeMain.c(1878,25): warning C4018: '>=': signed/unsigned mismatch
C:\Users\guric\source\repos\F-Type Battle\F-Type Battle\FTypeMain.c(1897,21): warning C4244: '=': conversion from 'Uint64' to 'Uint32', possible loss of data
C:\Users\guric\source\repos\F-Type Battle\F-Type Battle\FTypeMain.c(1954,30): warning C4244: '=': conversion from 'Uint64' to 'Uint32', possible loss of data
C:\Users\guric\source\repos\F-Type Battle\F-Type Battle\FTypeMain.c(1958,42): warning C4244: '=': conversion from 'Uint64' to 'Uint32', possible loss of data
C:\Users\guric\source\repos\F-Type Battle\F-Type Battle\FTypeMain.c(1965,36): warning C4244: '=': conversion from 'Uint64' to 'Uint32', possible loss of data
C:\Users\guric\source\repos\F-Type Battle\F-Type Battle\FTypeMain.c(1969,48): warning C4244: '=': conversion from 'Uint64' to 'Uint32', possible loss of data
C:\Users\guric\source\repos\F-Type Battle\F-Type Battle\FTypeMain.c(1978,26): warning C4244: '=': conversion from 'Uint64' to 'Uint32', possible loss of data
C:\Users\guric\source\repos\F-Type Battle\F-Type Battle\FTypeMain.c(1983,36): warning C4244: '=': conversion from 'Uint64' to 'Uint32', possible loss of data
C:\Users\guric\source\repos\F-Type Battle\F-Type Battle\FTypeMain.c(2029,33): warning C4244: '=': conversion from 'Uint64' to 'Uint32', possible loss of data
C:\Users\guric\source\repos\F-Type Battle\F-Type Battle\FTypeMain.c(2033,46): warning C4244: '+=': conversion from 'double' to 'float', possible loss of data
C:\Users\guric\source\repos\F-Type Battle\F-Type Battle\FTypeMain.c(2036,45): warning C4244: '=': conversion from 'Uint64' to 'Uint32', possible loss of data
C:\Users\guric\source\repos\F-Type Battle\F-Type Battle\FTypeMain.c(2047,33): warning C4244: '=': conversion from 'Uint64' to 'Uint32', possible loss of data
C:\Users\guric\source\repos\F-Type Battle\F-Type Battle\FTypeMain.c(2052,48): warning C4244: '+=': conversion from 'double' to 'float', possible loss of data
C:\Users\guric\source\repos\F-Type Battle\F-Type Battle\FTypeMain.c(2053,54): warning C4244: '+=': conversion from 'double' to 'float', possible loss of data
C:\Users\guric\source\repos\F-Type Battle\F-Type Battle\FTypeMain.c(2054,45): warning C4244: '=': conversion from 'Uint64' to 'Uint32', possible loss of data
C:\Users\guric\source\repos\F-Type Battle\F-Type Battle\FTypeMain.c(2069,33): warning C4244: '=': conversion from 'Uint64' to 'Uint32', possible loss of data
C:\Users\guric\source\repos\F-Type Battle\F-Type Battle\FTypeMain.c(2073,46): warning C4244: '-=': conversion from 'double' to 'float', possible loss of data
C:\Users\guric\source\repos\F-Type Battle\F-Type Battle\FTypeMain.c(2076,45): warning C4244: '=': conversion from 'Uint64' to 'Uint32', possible loss of data
C:\Users\guric\source\repos\F-Type Battle\F-Type Battle\FTypeMain.c(2091,33): warning C4244: '=': conversion from 'Uint64' to 'Uint32', possible loss of data
C:\Users\guric\source\repos\F-Type Battle\F-Type Battle\FTypeMain.c(2096,49): warning C4244: '-=': conversion from 'double' to 'float', possible loss of data
C:\Users\guric\source\repos\F-Type Battle\F-Type Battle\FTypeMain.c(2097,54): warning C4244: '-=': conversion from 'double' to 'float', possible loss of data
C:\Users\guric\source\repos\F-Type Battle\F-Type Battle\FTypeMain.c(2098,45): warning C4244: '=': conversion from 'Uint64' to 'Uint32', possible loss of data
C:\Users\guric\source\repos\F-Type Battle\F-Type Battle\FTypeMain.c(2192,43): warning C4244: 'initializing': conversion from 'int' to 'float', possible loss of data
C:\Users\guric\source\repos\F-Type Battle\F-Type Battle\FTypeMain.c(2192,55): warning C4244: 'initializing': conversion from 'int' to 'float', possible loss of data
C:\Users\guric\source\repos\F-Type Battle\F-Type Battle\FTypeMain.c(2240,31): warning C4244: '=': conversion from 'Uint64' to 'Uint32', possible loss of data
C:\Users\guric\source\repos\F-Type Battle\F-Type Battle\FTypeMain.c(2257,39): warning C4244: '=': conversion from 'Uint64' to 'Uint32', possible loss of data
C:\Users\guric\source\repos\F-Type Battle\F-Type Battle\FTypeMain.c(2261,31): warning C4244: '=': conversion from 'Uint64' to 'Uint32', possible loss of data
C:\Users\guric\source\repos\F-Type Battle\F-Type Battle\FTypeMain.c(2280,38): warning C4244: '=': conversion from 'Uint64' to 'Uint32', possible loss of data
C:\Users\guric\source\repos\F-Type Battle\F-Type Battle\FTypeMain.c(2287,75): warning C4244: '+=': conversion from 'double' to 'float', possible loss of data
C:\Users\guric\source\repos\F-Type Battle\F-Type Battle\FTypeMain.c(2300,30): warning C4244: '+=': conversion from 'float' to 'int', possible loss of data
C:\Users\guric\source\repos\F-Type Battle\F-Type Battle\FTypeMain.c(2307,53): warning C4244: '=': conversion from 'double' to 'float', possible loss of data
C:\Users\guric\source\repos\F-Type Battle\F-Type Battle\FTypeMain.c(2308,53): warning C4244: '=': conversion from 'double' to 'float', possible loss of data
C:\Users\guric\source\repos\F-Type Battle\F-Type Battle\FTypeMain.c(2314,79): warning C4244: '+=': conversion from 'double' to 'float', possible loss of data
C:\Users\guric\source\repos\F-Type Battle\F-Type Battle\FTypeMain.c(2323,85): warning C4244: '+=': conversion from 'double' to 'float', possible loss of data
C:\Users\guric\source\repos\F-Type Battle\F-Type Battle\FTypeMain.c(2357,46): warning C4244: '=': conversion from 'Uint64' to 'Uint32', possible loss of data
C:\Users\guric\source\repos\F-Type Battle\F-Type Battle\FTypeMain.c(2360,38): warning C4244: '=': conversion from 'Uint64' to 'Uint32', possible loss of data
C:\Users\guric\source\repos\F-Type Battle\F-Type Battle\FTypeMain.c(2388,35): warning C4244: '=': conversion from 'Uint64' to 'Uint32', possible loss of data
C:\Users\guric\source\repos\F-Type Battle\F-Type Battle\FTypeMain.c(2393,31): warning C4244: '=': conversion from 'Uint64' to 'Uint32', possible loss of data
C:\Users\guric\source\repos\F-Type Battle\F-Type Battle\FTypeMain.c(2396,44): warning C4244: '=': conversion from 'Uint64' to 'Uint32', possible loss of data
C:\Users\guric\source\repos\F-Type Battle\F-Type Battle\FTypeMain.c(2401,31): warning C4244: '=': conversion from 'Uint64' to 'Uint32', possible loss of data
C:\Users\guric\source\repos\F-Type Battle\F-Type Battle\FTypeMain.c(2409,36): warning C4244: '=': conversion from 'Uint64' to 'Uint32', possible loss of data
C:\Users\guric\source\repos\F-Type Battle\F-Type Battle\FTypeMain.c(2414,34): warning C4244: '=': conversion from 'Uint64' to 'Uint32', possible loss of data
C:\Users\guric\source\repos\F-Type Battle\F-Type Battle\FTypeMain.c(2417,47): warning C4244: '=': conversion from 'Uint64' to 'Uint32', possible loss of data
C:\Users\guric\source\repos\F-Type Battle\F-Type Battle\FTypeMain.c(2421,34): warning C4244: '=': conversion from 'Uint64' to 'Uint32', possible loss of data
C:\Users\guric\source\repos\F-Type Battle\F-Type Battle\FTypeMain.c(2430,35): warning C4244: '=': conversion from 'Uint64' to 'Uint32', possible loss of data
C:\Users\guric\source\repos\F-Type Battle\F-Type Battle\FTypeMain.c(2435,31): warning C4244: '=': conversion from 'Uint64' to 'Uint32', possible loss of data
C:\Users\guric\source\repos\F-Type Battle\F-Type Battle\FTypeMain.c(2438,44): warning C4244: '=': conversion from 'Uint64' to 'Uint32', possible loss of data
C:\Users\guric\source\repos\F-Type Battle\F-Type Battle\FTypeMain.c(2443,31): warning C4244: '=': conversion from 'Uint64' to 'Uint32', possible loss of data
C:\Users\guric\source\repos\F-Type Battle\F-Type Battle\FTypeMain.c(2452,18): warning C4090: 'function': different 'const' qualifiers
C:\Users\guric\source\repos\F-Type Battle\F-Type Battle\FTypeMain.c(2454,43): warning C4244: '=': conversion from 'Uint64' to 'Uint32', possible loss of data
C:\Users\guric\source\repos\F-Type Battle\F-Type Battle\FTypeMain.c(2457,18): warning C4090: 'function': different 'const' qualifiers
C:\Users\guric\source\repos\F-Type Battle\F-Type Battle\FTypeMain.c(2459,43): warning C4244: '=': conversion from 'Uint64' to 'Uint32', possible loss of data
C:\Users\guric\source\repos\F-Type Battle\F-Type Battle\FTypeMain.c(2463,31): warning C4244: '=': conversion from 'Uint64' to 'Uint32', possible loss of data
C:\Users\guric\source\repos\F-Type Battle\F-Type Battle\FTypeMain.c(2468,18): warning C4090: 'function': different 'const' qualifiers
C:\Users\guric\source\repos\F-Type Battle\F-Type Battle\FTypeMain.c(2470,44): warning C4244: '=': conversion from 'Uint64' to 'Uint32', possible loss of data
C:\Users\guric\source\repos\F-Type Battle\F-Type Battle\FTypeMain.c(2474,32): warning C4244: '=': conversion from 'Uint64' to 'Uint32', possible loss of data
C:\Users\guric\source\repos\F-Type Battle\F-Type Battle\FTypeMain.c(2486,46): warning C4244: 'function': conversion from 'float' to 'int', possible loss of data
C:\Users\guric\source\repos\F-Type Battle\F-Type Battle\FTypeMain.c(2486,57): warning C4244: '=': conversion from 'int' to 'float', possible loss of data
C:\Users\guric\source\repos\F-Type Battle\F-Type Battle\FTypeMain.c(2531,50): warning C4244: 'function': conversion from 'float' to 'int', possible loss of data
C:\Users\guric\source\repos\F-Type Battle\F-Type Battle\FTypeMain.c(2531,117): warning C4244: 'function': conversion from 'float' to 'int', possible loss of data
C:\Users\guric\source\repos\F-Type Battle\F-Type Battle\FTypeMain.c(2543,56): warning C4244: 'function': conversion from 'float' to 'int', possible loss of data
C:\Users\guric\source\repos\F-Type Battle\F-Type Battle\FTypeMain.c(2543,137): warning C4244: 'function': conversion from 'float' to 'int', possible loss of data
C:\Users\guric\source\repos\F-Type Battle\F-Type Battle\FTypeMain.c(2609,31): warning C4244: 'function': conversion from 'float' to 'int', possible loss of data
C:\Users\guric\source\repos\F-Type Battle\F-Type Battle\FTypeMain.c(2609,97): warning C4244: 'function': conversion from 'float' to 'int', possible loss of data
C:\Users\guric\source\repos\F-Type Battle\F-Type Battle\FTypeMain.c(2618,46): warning C4244: 'function': conversion from 'float' to 'int', possible loss of data
C:\Users\guric\source\repos\F-Type Battle\F-Type Battle\FTypeMain.c(2618,93): warning C4244: 'function': conversion from 'float' to 'int', possible loss of data
C:\Users\guric\source\repos\F-Type Battle\F-Type Battle\FTypeMain.c(2620,27): warning C4244: '=': conversion from 'Uint64' to 'Uint32', possible loss of data
C:\Users\guric\source\repos\F-Type Battle\F-Type Battle\FTypeMain.c(2626,40): warning C4244: '=': conversion from 'Uint64' to 'Uint32', possible loss of data
C:\Users\guric\source\repos\F-Type Battle\F-Type Battle\FTypeMain.c(2628,60): warning C4244: 'function': conversion from 'float' to 'int', possible loss of data
C:\Users\guric\source\repos\F-Type Battle\F-Type Battle\FTypeMain.c(2633,37): warning C4244: 'function': conversion from 'float' to 'int', possible loss of data
C:\Users\guric\source\repos\F-Type Battle\F-Type Battle\FTypeMain.c(2746,35): warning C4244: '=': conversion from 'Uint64' to 'Uint32', possible loss of data
C:\Users\guric\source\repos\F-Type Battle\F-Type Battle\FTypeMain.c(2750,47): warning C4244: '=': conversion from 'Uint64' to 'Uint32', possible loss of data
C:\Users\guric\source\repos\F-Type Battle\F-Type Battle\FTypeMain.c(2862,32): warning C4244: '=': conversion from 'Uint64' to 'Uint32', possible loss of data
C:\Users\guric\source\repos\F-Type Battle\F-Type Battle\FTypeMain.c(2867,44): warning C4244: '=': conversion from 'Uint64' to 'Uint32', possible loss of data
C:\Users\guric\source\repos\F-Type Battle\F-Type Battle\FTypeMain.c(2935,41): warning C4047: '=': 'int' differs in levels of indirection from 'void *'
C:\Users\guric\source\repos\F-Type Battle\F-Type Battle\FTypeMain.c(2936,41): warning C4047: '=': 'int' differs in levels of indirection from 'void *'
C:\Users\guric\source\repos\F-Type Battle\F-Type Battle\FTypeMain.c(3018,39): warning C4244: '=': conversion from 'double' to 'float', possible loss of data
C:\Users\guric\source\repos\F-Type Battle\F-Type Battle\FTypeMain.c(3019,39): warning C4244: '=': conversion from 'double' to 'int', possible loss of data
C:\Users\guric\source\repos\F-Type Battle\F-Type Battle\FTypeMain.c(3044,21): warning C4098: 'init_world_areas': 'void' function returning a value
C:\Users\guric\source\repos\F-Type Battle\F-Type Battle\FTypeMain.c(3085,40): warning C4267: '=': conversion from 'size_t' to 'int', possible loss of data
C:\Users\guric\source\repos\F-Type Battle\F-Type Battle\FTypeMain.c(3110,44): warning C4244: '=': conversion from 'float' to 'int', possible loss of data
C:\Users\guric\source\repos\F-Type Battle\F-Type Battle\FTypeMain.c(3112,50): warning C4244: '=': conversion from 'int' to 'float', possible loss of data
C:\Users\guric\source\repos\F-Type Battle\F-Type Battle\FTypeMain.c(3122,35): warning C4244: '=': conversion from 'int' to 'float', possible loss of data
C:\Users\guric\source\repos\F-Type Battle\F-Type Battle\FTypeMain.c(3164,17): warning C4098: 'render_gm_rects': 'void' function returning a value
C:\Users\guric\source\repos\F-Type Battle\F-Type Battle\FTypeMain.c(3267,56): warning C4244: '=': conversion from 'Uint64' to 'Uint32', possible loss of data
C:\Users\guric\source\repos\F-Type Battle\F-Type Battle\FTypeMain.c(3276,56): warning C4244: '=': conversion from 'Uint64' to 'Uint32', possible loss of data
C:\Users\guric\source\repos\F-Type Battle\F-Type Battle\FTypeMain.c(3284,56): warning C4244: '=': conversion from 'Uint64' to 'Uint32', possible loss of data
C:\Users\guric\source\repos\F-Type Battle\F-Type Battle\FTypeMain.c(3292,56): warning C4244: '=': conversion from 'Uint64' to 'Uint32', possible loss of data
C:\Users\guric\source\repos\F-Type Battle\F-Type Battle\FTypeMain.c(3480,34): warning C4047: '=': 'Uint32' differs in levels of indirection from 'void *'
C:\Users\guric\source\repos\F-Type Battle\F-Type Battle\FTypeMain.c(3586,38): warning C4244: 'function': conversion from 'float' to 'int', possible loss of data
C:\Users\guric\source\repos\F-Type Battle\F-Type Battle\FTypeMain.c(3586,106): warning C4244: 'function': conversion from 'float' to 'int', possible loss of data
C:\Users\guric\source\repos\F-Type Battle\F-Type Battle\FTypeMain.c(3598,37): warning C4244: 'function': conversion from 'float' to 'int', possible loss of data
C:\Users\guric\source\repos\F-Type Battle\F-Type Battle\FTypeMain.c(3598,103): warning C4244: 'function': conversion from 'float' to 'int', possible loss of data
C:\Users\guric\source\repos\F-Type Battle\F-Type Battle\FTypeMain.c(3683,38): warning C4244: 'function': conversion from 'float' to 'int', possible loss of data
C:\Users\guric\source\repos\F-Type Battle\F-Type Battle\FTypeMain.c(3683,113): warning C4244: 'function': conversion from 'float' to 'int', possible loss of data
C:\Users\guric\source\repos\F-Type Battle\F-Type Battle\FTypeMain.c(3736,54): warning C4244: 'function': conversion from 'float' to 'int', possible loss of data
C:\Users\guric\source\repos\F-Type Battle\F-Type Battle\FTypeMain.c(3736,136): warning C4244: 'function': conversion from 'float' to 'int', possible loss of data
C:\Users\guric\source\repos\F-Type Battle\F-Type Battle\FTypeMain.c(3753,29): warning C4244: '=': conversion from 'Uint64' to 'Uint32', possible loss of data
C:\Users\guric\source\repos\F-Type Battle\F-Type Battle\FTypeMain.c(3757,42): warning C4244: '=': conversion from 'Uint64' to 'Uint32', possible loss of data
C:\Users\guric\source\repos\F-Type Battle\F-Type Battle\FTypeMain.c(3776,47): warning C4244: 'function': conversion from 'float' to 'int', possible loss of data
C:\Users\guric\source\repos\F-Type Battle\F-Type Battle\FTypeMain.c(3776,131): warning C4244: 'function': conversion from 'float' to 'int', possible loss of data
C:\Users\guric\source\repos\F-Type Battle\F-Type Battle\FTypeMain.c(3797,34): warning C4244: '=': conversion from 'int' to 'float', possible loss of data
C:\Users\guric\source\repos\F-Type Battle\F-Type Battle\FTypeMain.c(3798,34): warning C4244: '=': conversion from 'int' to 'float', possible loss of data
C:\Users\guric\source\repos\F-Type Battle\F-Type Battle\FTypeMain.c(3855,27): warning C4244: 'initializing': conversion from 'int' to 'float', possible loss of data
C:\Users\guric\source\repos\F-Type Battle\F-Type Battle\FTypeMain.c(3857,13): warning C4244: 'initializing': conversion from 'int' to 'float', possible loss of data
C:\Users\guric\source\repos\F-Type Battle\F-Type Battle\FTypeMain.c(3858,13): warning C4244: 'initializing': conversion from 'int' to 'float', possible loss of data
C:\Users\guric\source\repos\F-Type Battle\F-Type Battle\FTypeMain.c(3867,10): warning C4244: 'initializing': conversion from 'int' to 'float', possible loss of data
C:\Users\guric\source\repos\F-Type Battle\F-Type Battle\FTypeMain.c(3868,10): warning C4244: 'initializing': conversion from 'int' to 'float', possible loss of data
C:\Users\guric\source\repos\F-Type Battle\F-Type Battle\FTypeMain.c(3869,10): warning C4244: 'initializing': conversion from 'int' to 'float', possible loss of data
C:\Users\guric\source\repos\F-Type Battle\F-Type Battle\FTypeMain.c(3870,10): warning C4244: 'initializing': conversion from 'int' to 'float', possible loss of data
C:\Users\guric\source\repos\F-Type Battle\F-Type Battle\FTypeMain.c(3892,22): warning C4244: '=': conversion from 'Uint64' to 'Uint32', possible loss of data
  F-Type Battle.vcxproj -> C:\Users\guric\source\repos\F-Type Battle\x64\Debug\F-Type Battle.exe
